18:35:52.238 [main] INFO  utility.ExtentReporterNg - File loaded into system
18:35:52.273 [main] DEBUG utility.ExtentReporterNg - null
18:35:52.273 [main] DEBUG utility.ExtentReporterNg - null
18:35:52.273 [main] DEBUG utility.ExtentReporterNg - null
18:35:52.557 [TestNG-tests-2] INFO  com.TestFrame.suiteFull.Base - Resource File located
18:35:52.584 [TestNG-tests-1] INFO  com.TestFrame.suiteFull.Base - Resource File located
18:35:54.796 [TestNG-tests-1] INFO  com.TestFrame.suiteFull.Base - Running on Test on browser chrome
18:35:54.797 [TestNG-tests-1] INFO  com.TestFrame.suiteFull.Base - Maximizing browser
18:35:54.797 [TestNG-tests-2] INFO  com.TestFrame.suiteFull.Base - Running on Test on browser chrome
18:35:54.797 [TestNG-tests-2] INFO  com.TestFrame.suiteFull.Base - Maximizing browser
18:35:55.344 [TestNG-tests-2] INFO  com.TestFrame.suiteFull.ValidateTitle - Initializing browser
18:35:57.294 [TestNG-tests-2] INFO  com.TestFrame.suiteFull.ValidateTitle - Landing on url
18:36:06.640 [TestNG-tests-1] INFO  com.TestFrame.suiteFull.Base - Resource File located
18:36:07.469 [TestNG-tests-2] INFO  com.TestFrame.suiteFull.ValidateTitle - Closing the browser
18:36:08.044 [TestNG-tests-1] INFO  com.TestFrame.suiteFull.Base - Running on Test on browser chrome
18:36:08.044 [TestNG-tests-1] INFO  com.TestFrame.suiteFull.Base - Maximizing browser
18:39:07.404 [main] INFO  utility.ExtentReporterNg - located the externalReport.properties file
18:39:07.406 [main] INFO  utility.ExtentReporterNg - File loaded into system
18:39:07.407 [main] DEBUG utility.ExtentReporterNg - Web Automation Results
18:39:07.407 [main] DEBUG utility.ExtentReporterNg - Test Results
18:39:07.407 [main] DEBUG utility.ExtentReporterNg - Lerato Malatji
18:39:07.676 [TestNG-tests-2] INFO  com.TestFrame.suiteFull.Base - Resource File located
18:39:07.707 [TestNG-tests-1] INFO  com.TestFrame.suiteFull.Base - Resource File located
18:39:11.140 [TestNG-tests-1] INFO  com.TestFrame.suiteFull.Base - Running on Test on browser chrome
18:39:11.140 [TestNG-tests-2] INFO  com.TestFrame.suiteFull.Base - Running on Test on browser chrome
